{"request_id":"e1e5b7c2-d9ef-4006-a86a-374f2d6a107a_priority2","task_sum":2,"tasks":[{"task_id":"t001","model_id":"model_1","send_time":1757568207162},{"task_id":"t002","model_id":"model_1","send_time":1757568207162}],"client_id":"client-1m7hgio"}
{"request_id":"282ad76d-f9fd-4a2d-8253-8f36f5b1049e_priority0","task_sum":2,"tasks":[{"task_id":"t001","model_id":"model_1","send_time":1757568207285},{"task_id":"t002","model_id":"model_1","send_time":1757568207285}],"client_id":"client-1m7hgio"}
{"request_id":"9c0889db-d962-4f67-b7c6-4fc6d6399ecd_priority2","task_sum":2,"tasks":[{"task_id":"t001","model_id":"model_1","send_time":1757568207391},{"task_id":"t002","model_id":"model_1","send_time":1757568207391}],"client_id":"client-1m7hgio"}
{"request_id":"2d517f48-7831-4750-9f05-fa49167dfb59_priority2","task_sum":2,"tasks":[{"task_id":"t001","model_id":"model_1","send_time":1757568207499},{"task_id":"t002","model_id":"model_1","send_time":1757568207499}],"client_id":"client-1m7hgio"}
{"request_id":"2be891c0-de74-4b54-9044-b81f6aabd3d8_priority1","task_sum":2,"tasks":[{"task_id":"t001","model_id":"model_1","send_time":1757568207611},{"task_id":"t002","model_id":"model_1","send_time":1757568207611}],"client_id":"client-1m7hgio"}
{"request_id":"79e61fb8-cf08-432e-9e21-0761b030407b_priority0","task_sum":1,"tasks":[{"task_id":"t001","model_id":"model_1","send_time":1757568207704}],"client_id":"client-1m7hgio"}
{"request_id":"64be65aa-0052-474b-bacb-cb6b8f1a019b_priority0","task_sum":1,"tasks":[{"task_id":"t001","model_id":"model_1","send_time":1757568207787}],"client_id":"client-1m7hgio"}
{"request_id":"73b8aea9-d548-4a56-8599-3ae1170315ec_priority2","task_sum":2,"tasks":[{"task_id":"t001","model_id":"model_1","send_time":1757568207911},{"task_id":"t002","model_id":"model_1","send_time":1757568207911}],"client_id":"client-1m7hgio"}
{"request_id":"4ce35a34-c898-41b0-8e19-ab0a3d5c87b6_priority2","task_sum":1,"tasks":[{"task_id":"t001","model_id":"model_1","send_time":1757568208004}],"client_id":"client-1m7hgio"}
{"request_id":"32cd64ed-d218-4750-9e35-17266b810ba2_priority0","task_sum":1,"tasks":[{"task_id":"t001","model_id":"model_1","send_time":1757568208093}],"client_id":"client-1m7hgio"}
{"request_id":"62e86e85-b491-4ef5-8d87-ef80e9f07dd7_priority2","task_sum":2,"tasks":[{"task_id":"t001","model_id":"model_1","send_time":1757568296981},{"task_id":"t002","model_id":"model_1","send_time":1757568296981}],"client_id":"client-4ojqeu"}
{"request_id":"590b26fc-96a6-4044-b136-8c1b8d5e67ba_priority0","task_sum":1,"tasks":[{"task_id":"t001","model_id":"model_1","send_time":1757568534200}],"client_id":"client-eifvlw"}
{"request_id":"399e954f-5174-40b7-9e15-27735a683514_priority0","task_sum":1,"tasks":[{"task_id":"t001","model_id":"yolo","send_time":1757568561787}],"client_id":"client-1rttren"}
{"request_id":"5a8167ff-e2de-4bff-9b25-e74e33a9b0c7_priority2","task_sum":1,"tasks":[{"task_id":"t001","model_id":"yolo","send_time":1757568817566}],"client_id":"client-1a2ewrx"}
{"request_id":"7dd837a7-916e-429c-9a0b-843dba5e5889_priority1","task_sum":2,"tasks":[{"task_id":"t001","model_id":"yolo","send_time":1757569037991},{"task_id":"t002","model_id":"yolo","send_time":1757569037991}],"client_id":"client-16wb4um"}
{"request_id":"6ed148d9-a0f5-42a4-b77f-fa568fc86ab3_priority2","task_sum":2,"tasks":[{"task_id":"t001","model_id":"yolo","send_time":1757569607808},{"task_id":"t002","model_id":"yolo","send_time":1757569607808}],"client_id":"client-51ghu2"}
{"request_id":"7f0abae2-edbd-4031-8b27-f0498321cb06_priority0","task_sum":2,"tasks":[{"task_id":"t001","model_id":"yolo","send_time":1757569649546},{"task_id":"t002","model_id":"yolo","send_time":1757569649546}],"client_id":"client-s7oh8d"}
{"request_id":"c5262256-066d-4406-9252-0d01e778877b_priority0","task_sum":1,"tasks":[{"task_id":"t001","model_id":"yolo","send_time":1757569654181}],"client_id":"client-i9mnyg"}
{"request_id":"c08d6de5-ed43-4d48-9a0e-adcee3e263d5_priority0","task_sum":1,"tasks":[{"task_id":"t001","model_id":"yolo","send_time":1757569658256}],"client_id":"client-1btxdsr"}
{"request_id":"5f24b740-db35-4d8c-a21c-ee7d47f2f38e_priority1","task_sum":1,"tasks":[{"task_id":"t001","model_id":"yolo","send_time":1757569663006}],"client_id":"client-cm51cp"}
{"request_id":"8688ce12-8bc7-4ba8-a46f-8b87dc23c18d_priority2","task_sum":2,"tasks":[{"task_id":"t001","model_id":"ocr","send_time":1757569914826},{"task_id":"t002","model_id":"ocr","send_time":1757569914826}],"client_id":"client-13afqsr"}
{"request_id":"914d32a2-b010-400f-99d2-2e4c4529383d_priority2","task_sum":1,"tasks":[{"task_id":"t001","model_id":"ocr","send_time":1757570516880}],"client_id":"client-sxhesf"}
{"request_id":"55e6306e-4ed8-4298-9945-c9626a26a8c9_priority2","task_sum":1,"tasks":[{"task_id":"t001","model_id":"ocr","send_time":1757570965532}],"client_id":"client-1ighhgu"}
{"request_id":"04ba0258-ca40-4af6-a788-a245023faded_priority0","task_sum":1,"tasks":[{"task_id":"t001","model_id":"ocr","send_time":1757571241559}],"client_id":"client-1l52c0b"}
{"request_id":"e6684d57-1759-4624-a3ae-18510655e4dc_priority2","task_sum":2,"tasks":[{"task_id":"t001","model_id":"ocr","send_time":1757571247368},{"task_id":"t002","model_id":"ocr","send_time":1757571247368}],"client_id":"client-1oq1v45"}
{"request_id":"9e85547c-2a3d-4e4e-915a-f357e1d92def_priority0","task_sum":2,"tasks":[{"task_id":"t001","model_id":"ocr","send_time":1757571876921},{"task_id":"t002","model_id":"ocr","send_time":1757571876921}],"client_id":"client-iyzqp5"}
{"request_id":"b823ecb5-ed59-4e4d-9d98-ea753d0f24e1_priority1","task_sum":1,"tasks":[{"task_id":"t001","model_id":"ocr","send_time":1757571882896}],"client_id":"client-1q94yq7"}
{"request_id":"c360a5f1-b3b9-496c-b893-5a9c3234dd6c_priority1","task_sum":1,"tasks":[{"task_id":"t001","model_id":"ocr","send_time":1757574769336}],"client_id":"client-k7b8s5"}
{"request_id":"2b337245-310f-4087-a2bd-5644139d6bb3_priority1","task_sum":2,"tasks":[{"task_id":"t001","model_id":"ocr","send_time":1757574769439},{"task_id":"t002","model_id":"ocr","send_time":1757574769439}],"client_id":"client-k7b8s5"}
{"request_id":"38b63e8b-3652-4107-bc30-cdb98e53ffcd_priority2","task_sum":1,"tasks":[{"task_id":"t001","model_id":"ocr","send_time":1757576821229}],"client_id":"client-xg4zir"}
{"request_id":"5234a38e-cab7-4662-8e39-769ced6fa095_priority0","task_sum":2,"tasks":[{"task_id":"t001","model_id":"ocr","send_time":1757576821339},{"task_id":"t002","model_id":"ocr","send_time":1757576821339}],"client_id":"client-xg4zir"}
