#
# A fatal error has been detected by the Java Runtime Environment:
#
#  EXCEPTION_ACCESS_VIOLATION (0xc0000005) at pc=0x00007ffe8f67b2a6, pid=28584, tid=24600
#
# JRE version: OpenJDK Runtime Environment Temurin-17.0.8.1+1 (17.0.8.1+1) (build 17.0.8.1+1)
# Java VM: OpenJDK 64-Bit Server VM Temurin-17.0.8.1+1 (17.0.8.1+1, mixed mode, sharing, tiered, compressed oops, compressed class ptrs, g1 gc, windows-amd64)
# Problematic frame:
# V  [jvm.dll+0x3db2a6]
#
# No core dump will be written. Minidumps are not enabled by default on client versions of Windows
#
# If you would like to submit a bug report, please visit:
#   https://github.com/adoptium/adoptium-support/issues
#

---------------  S U M M A R Y ------------

Command Line: -Djava.library.path=C:\Program Files (x86)\ZRDDS\ZRDDS-2.4.4\lib -javaagent:D:\IntelliJ IDEA 2023.2.5\lib\idea_rt.jar=50291:D:\IntelliJ IDEA 2023.2.5\bin -Dfile.encoding=UTF-8 Client

Host: 12th Gen Intel(R) Core(TM) i5-1240P, 16 cores, 15G,  Windows 11 , 64 bit Build 26100 (10.0.26100.4768)
Time: Fri Aug 29 14:49:10 2025  Windows 11 , 64 bit Build 26100 (10.0.26100.4768) elapsed time: 19.972381 seconds (0d 0h 0m 19s)

---------------  T H R E A D  ---------------

Current thread (0x0000026723c08580):  JavaThread "Thread-1" daemon [_thread_in_vm, id=24600, stack(0x000000a182100000,0x000000a182200000)]

Stack: [0x000000a182100000,0x000000a182200000],  sp=0x000000a1821fdf90,  free space=1015k
Native frames: (J=compiled Java code, j=interpreted, Vv=VM code, C=native code)
V  [jvm.dll+0x3db2a6]
C  [ZRDDS_JAVA.dll+0x1fb3ea]

Java frames: (J=compiled Java code, j=interpreted, Vv=VM code)
j  com.zrdds.publication.DataWriterImpl.datawriter_write_w_dst(JLjava/lang/Object;[BJ[BI)I+0
j  com.zrdds.publication.DataWriterImpl.write(Ljava/lang/Object;Lcom/zrdds/infrastructure/InstanceHandle_t;)Lcom/zrdds/infrastructure/ReturnCode_t;+54
j  Client$1.on_process_sample(Lcom/zrdds/subscription/DataReader;Lai_train/TrainCmd;Lcom/zrdds/infrastructure/SampleInfo;)V+186
j  Client$1.on_process_sample(Lcom/zrdds/subscription/DataReader;Ljava/lang/Object;Lcom/zrdds/infrastructure/SampleInfo;)V+7
j  com.zrdds.subscription.SimpleDataReaderListener.on_data_available(Lcom/zrdds/subscription/DataReader;)V+170
j  com.zrdds.subscription.DataReaderListenerImpl.on_data_available(Ljava/lang/Object;)V+16
v  ~StubRoutines::call_stub

siginfo: EXCEPTION_ACCESS_VIOLATION (0xc0000005), reading address 0x000002676b481094


Register to memory mapping:

RIP=0x00007ffe8f67b2a6 jvm.dll
RAX=0x000002676b481024 is an unknown value
RBX=0x0000026723c08580 is a thread
RCX=0x0 is NULL
RDX=0x00000267232b6380 points into unknown readable memory: 0x00007ffe247ab1c0 | c0 b1 7a 24 fe 7f 00 00
RSP=0x000000a1821fdf90 is pointing into the stack for thread: 0x0000026723c08580
RBP=0x000000a1821fe0e1 is pointing into the stack for thread: 0x0000026723c08580
RSI=0x00000267232b6380 points into unknown readable memory: 0x00007ffe247ab1c0 | c0 b1 7a 24 fe 7f 00 00
RDI=0x0 is NULL
R8 =0x00007ffe8fda4810 jvm.dll
R9 =0x00007ffe247e8fc8 ZRDDS_JAVA.dll
R10=0x00007ffebf140000 ucrtbase.dll
R11=0x0000000000000080 is an unknown value
R12=0x000002672395fc80 points into unknown readable memory: 0xa86f0000011014ac | ac 14 10 01 00 00 6f a8
R13=0x000000a1821fe580 is pointing into the stack for thread: 0x0000026723c08580
R14=0x00000000fffffffe is an unknown value
R15=0x0000000000000114 is an unknown value


Registers:
RAX=0x000002676b481024, RBX=0x0000026723c08580, RCX=0x0000000000000000, RDX=0x00000267232b6380
RSP=0x000000a1821fdf90, RBP=0x000000a1821fe0e1, RSI=0x00000267232b6380, RDI=0x0000000000000000
R8 =0x00007ffe8fda4810, R9 =0x00007ffe247e8fc8, R10=0x00007ffebf140000, R11=0x0000000000000080
R12=0x000002672395fc80, R13=0x000000a1821fe580, R14=0x00000000fffffffe, R15=0x0000000000000114
RIP=0x00007ffe8f67b2a6, EFLAGS=0x0000000000010206

Top of Stack: (sp=0x000000a1821fdf90)
0x000000a1821fdf90:   00000267237b35b0 00007ffe248219a0
0x000000a1821fdfa0:   00007ffe8fda4800 000000a1821fe0e1
0x000000a1821fdfb0:   0000026723c08580 0000000000000000
0x000000a1821fdfc0:   00000267233d2b00 000000a1821fe0b0
0x000000a1821fdfd0:   00007ffe248219a0 00007ffe247ab3ea
0x000000a1821fdfe0:   00000267232b6380 0000026723c08830
0x000000a1821fdff0:   000002670d000003 00007ffe247bf0f8
0x000000a1821fe000:   00007ffe248219a0 00007ffe24667882
0x000000a1821fe010:   00000267232b6380 00000267237b35b0
0x000000a1821fe020:   00007ffe247bf0f8 0000000000000114
0x000000a1821fe030:   0000000000000300 00007ffe8fb420b8
0x000000a1821fe040:   0000000000000000 00007ffe00000000
0x000000a1821fe050:   0000026723c08580 000000a1821fe440
0x000000a1821fe060:   00000267231142f0 00007ffe8f372a68
0x000000a1821fe070:   000000a1821fe290 00007ffe8f2a0000
0x000000a1821fe080:   0000026723d812c8 00007ffe00000000 

Instructions: (pc=0x00007ffe8f67b2a6)
0x00007ffe8f67b1a6:   b6 0c ef ff c7 83 40 03 00 00 04 00 00 00 48 8b
0x00007ffe8f67b1b6:   c6 48 81 c4 c0 00 00 00 5f 5e 5b c3 cc cc cc cc
0x00007ffe8f67b1c6:   cc cc cc cc cc cc cc cc cc cc 48 89 5c 24 08 48
0x00007ffe8f67b1d6:   89 74 24 10 57 48 83 ec 40 8b 81 b8 00 00 00 48
0x00007ffe8f67b1e6:   8d 99 50 fd ff ff 05 55 21 ff ff 33 ff 48 8b f2
0x00007ffe8f67b1f6:   83 f8 01 76 0a 48 8b cb e8 ed b1 40 00 8b df c7
0x00007ffe8f67b206:   83 40 03 00 00 05 00 00 00 e8 2c e9 28 00 48 8b
0x00007ffe8f67b216:   83 48 03 00 00 a8 01 74 0a b2 01 48 8b cb e8 e7
0x00007ffe8f67b226:   e9 2f 00 39 bb 34 03 00 00 75 0a 8b 83 30 03 00
0x00007ffe8f67b236:   00 a8 0c 74 0a 33 d2 48 8b cb e8 5b da 40 00 c7
0x00007ffe8f67b246:   83 40 03 00 00 06 00 00 00 48 89 5c 24 20 48 89
0x00007ffe8f67b256:   7c 24 28 48 39 7b 08 74 0a 48 8d 4c 24 20 e8 f7
0x00007ffe8f67b266:   85 2c 00 40 f6 c6 01 74 0c 48 8d 4e ff ff 15 37
0x00007ffe8f67b276:   6c 72 00 eb 09 48 8b ce ff 15 9c ed 71 00 40 38
0x00007ffe8f67b286:   3d f3 33 79 00 74 15 8b 40 08 8b 0d 72 70 72 00
0x00007ffe8f67b296:   48 d3 e0 48 03 05 60 70 72 00 eb 04 48 8b 40 08
0x00007ffe8f67b2a6:   48 8b 48 70 48 85 c9 74 09 ff 15 6b ed 71 00 48
0x00007ffe8f67b2b6:   8b f8 45 33 c0 48 8b d7 48 8b cb e8 da 0d 03 00
0x00007ffe8f67b2c6:   48 83 7c 24 28 00 48 8b f0 74 0a 48 8d 4c 24 20
0x00007ffe8f67b2d6:   e8 25 86 2c 00 48 8b bb e8 00 00 00 48 8b 4f 10
0x00007ffe8f67b2e6:   48 83 39 00 74 0c 48 8b cf e8 bc 1e f7 ff 48 8b
0x00007ffe8f67b2f6:   4f 10 48 8b 47 08 48 89 48 10 48 8b 4f 08 48 8b
0x00007ffe8f67b306:   47 18 48 89 41 18 48 8b 4f 08 48 8b 47 20 48 89
0x00007ffe8f67b316:   41 20 48 8d 8b 90 02 00 00 e8 3c 0b ef ff c7 83
0x00007ffe8f67b326:   40 03 00 00 04 00 00 00 48 8b c6 48 8b 5c 24 50
0x00007ffe8f67b336:   48 8b 74 24 58 48 83 c4 40 5f c3 cc cc cc cc cc
0x00007ffe8f67b346:   cc cc cc cc cc cc cc cc cc cc 48 89 5c 24 08 48
0x00007ffe8f67b356:   89 6c 24 10 48 89 74 24 18 57 48 83 ec 20 8b 81
0x00007ffe8f67b366:   b8 00 00 00 48 8d 99 50 fd ff ff 05 55 21 ff ff
0x00007ffe8f67b376:   49 8b f8 48 8b ea 83 f8 01 76 0a 48 8b cb e8 67
0x00007ffe8f67b386:   b0 40 00 33 db c7 83 40 03 00 00 05 00 00 00 e8
0x00007ffe8f67b396:   a6 e7 28 00 48 8b 83 48 03 00 00 a8 01 74 0a b2 


Stack slot to memory mapping:
stack at sp + 0 slots: 0x00000267237b35b0 points into unknown readable memory: 0x0000000000000000 | 00 00 00 00 00 00 00 00
stack at sp + 1 slots: 0x00007ffe248219a0 ZRDDS_JAVA.dll
stack at sp + 2 slots: 0x00007ffe8fda4800 jvm.dll
stack at sp + 3 slots: 0x000000a1821fe0e1 is pointing into the stack for thread: 0x0000026723c08580
stack at sp + 4 slots: 0x0000026723c08580 is a thread
stack at sp + 5 slots: 0x0 is NULL
stack at sp + 6 slots: 0x00000267233d2b00 points into unknown readable memory: 0x0000000000000000 | 00 00 00 00 00 00 00 00
stack at sp + 7 slots: 0x000000a1821fe0b0 is pointing into the stack for thread: 0x0000026723c08580


---------------  P R O C E S S  ---------------

Threads class SMR info:
_java_thread_list=0x0000026723e32d40, length=14, elements={
0x00000266be45ad30, 0x000002672300f900, 0x00000267230124d0, 0x0000026723022bc0,
0x0000026723023590, 0x0000026723027f70, 0x0000026723048940, 0x000002672305d670,
0x000002672305e120, 0x0000026723063f50, 0x00000267231a20a0, 0x0000026723240790,
0x0000026723240c70, 0x0000026723c08580
}

Java Threads: ( => current thread )
  0x00000266be45ad30 JavaThread "main" [_thread_blocked, id=25148, stack(0x000000a180700000,0x000000a180800000)]
  0x000002672300f900 JavaThread "Reference Handler" daemon [_thread_blocked, id=14292, stack(0x000000a180e00000,0x000000a180f00000)]
  0x00000267230124d0 JavaThread "Finalizer" daemon [_thread_blocked, id=27488, stack(0x000000a180f00000,0x000000a181000000)]
  0x0000026723022bc0 JavaThread "Signal Dispatcher" daemon [_thread_blocked, id=5144, stack(0x000000a181000000,0x000000a181100000)]
  0x0000026723023590 JavaThread "Attach Listener" daemon [_thread_blocked, id=26112, stack(0x000000a181100000,0x000000a181200000)]
  0x0000026723027f70 JavaThread "Service Thread" daemon [_thread_blocked, id=16684, stack(0x000000a181200000,0x000000a181300000)]
  0x0000026723048940 JavaThread "Monitor Deflation Thread" daemon [_thread_blocked, id=25280, stack(0x000000a181300000,0x000000a181400000)]
  0x000002672305d670 JavaThread "C2 CompilerThread0" daemon [_thread_blocked, id=29664, stack(0x000000a181400000,0x000000a181500000)]
  0x000002672305e120 JavaThread "C1 CompilerThread0" daemon [_thread_blocked, id=29104, stack(0x000000a181500000,0x000000a181600000)]
  0x0000026723063f50 JavaThread "Sweeper thread" daemon [_thread_blocked, id=1672, stack(0x000000a181600000,0x000000a181700000)]
  0x00000267231a20a0 JavaThread "Common-Cleaner" daemon [_thread_blocked, id=14808, stack(0x000000a181800000,0x000000a181900000)]
  0x0000026723240790 JavaThread "Monitor Ctrl-Break" daemon [_thread_in_native, id=3940, stack(0x000000a181c00000,0x000000a181d00000)]
  0x0000026723240c70 JavaThread "Notification Thread" daemon [_thread_blocked, id=19736, stack(0x000000a181d00000,0x000000a181e00000)]
=>0x0000026723c08580 JavaThread "Thread-1" daemon [_thread_in_vm, id=24600, stack(0x000000a182100000,0x000000a182200000)]

Other Threads:
  0x000002672300b3a0 VMThread "VM Thread" [stack: 0x000000a180d00000,0x000000a180e00000] [id=26892]
  0x0000026723247820 WatcherThread [stack: 0x000000a181e00000,0x000000a181f00000] [id=7212]
  0x00000266be4c7670 GCTaskThread "GC Thread#0" [stack: 0x000000a180800000,0x000000a180900000] [id=13196]
  0x00000266be4d8170 ConcurrentGCThread "G1 Main Marker" [stack: 0x000000a180900000,0x000000a180a00000] [id=5496]
  0x00000266be4da5a0 ConcurrentGCThread "G1 Conc#0" [stack: 0x000000a180a00000,0x000000a180b00000] [id=29388]
  0x00000266e190c570 ConcurrentGCThread "G1 Refine#0" [stack: 0x000000a180b00000,0x000000a180c00000] [id=26280]
  0x00000266e190ee50 ConcurrentGCThread "G1 Service" [stack: 0x000000a180c00000,0x000000a180d00000] [id=24780]

Threads with active compile tasks:

VM state: not at safepoint (normal execution)

VM Mutex/Monitor currently owned by a thread: None

Heap address: 0x0000000705a00000, size: 4006 MB, Compressed Oops mode: Zero based, Oop shift amount: 3

CDS archive(s) mapped at: [0x00000266e2000000-0x00000266e2bd0000-0x00000266e2bd0000), size 12386304, SharedBaseAddress: 0x00000266e2000000, ArchiveRelocationMode: 1.
Compressed class space mapped at: 0x00000266e3000000-0x0000026723000000, reserved size: 1073741824
Narrow klass base: 0x00000266e2000000, Narrow klass shift: 0, Narrow klass range: 0x100000000

GC Precious Log:
 CPUs: 16 total, 16 available
 Memory: 16016M
 Large Page Support: Disabled
 NUMA Support: Disabled
 Compressed Oops: Enabled (Zero based)
 Heap Region Size: 2M
 Heap Min Capacity: 8M
 Heap Initial Capacity: 252M
 Heap Max Capacity: 4006M
 Pre-touch: Disabled
 Parallel Workers: 13
 Concurrent Workers: 3
 Concurrent Refinement Workers: 13
 Periodic GC: Disabled

Heap:
 garbage-first heap   total 258048K, used 14336K [0x0000000705a00000, 0x0000000800000000)
  region size 2048K, 5 young (10240K), 0 survivors (0K)
 Metaspace       used 3131K, committed 3328K, reserved 1114112K
  class space    used 327K, committed 448K, reserved 1048576K

Heap Regions: E=young(eden), S=young(survivor), O=old, HS=humongous(starts), HC=humongous(continues), CS=collection set, F=free, OA=open archive, CA=closed archive, TAMS=top-at-mark-start (previous, next)
|   0|0x0000000705a00000, 0x0000000705c00000, 0x0000000705c00000|100%|HS|  |TAMS 0x0000000705a00000, 0x0000000705a00000| Complete 
|   1|0x0000000705c00000, 0x0000000705e00000, 0x0000000705e00000|100%|HC|  |TAMS 0x0000000705c00000, 0x0000000705c00000| Complete 
|   2|0x0000000705e00000, 0x0000000706000000, 0x0000000706000000|100%|HC|  |TAMS 0x0000000705e00000, 0x0000000705e00000| Complete 
|   3|0x0000000706000000, 0x0000000706000000, 0x0000000706200000|  0%| F|  |TAMS 0x0000000706000000, 0x0000000706000000| Untracked 
|   4|0x0000000706200000, 0x0000000706200000, 0x0000000706400000|  0%| F|  |TAMS 0x0000000706200000, 0x0000000706200000| Untracked 
|   5|0x0000000706400000, 0x0000000706400000, 0x0000000706600000|  0%| F|  |TAMS 0x0000000706400000, 0x0000000706400000| Untracked 
|   6|0x0000000706600000, 0x0000000706600000, 0x0000000706800000|  0%| F|  |TAMS 0x0000000706600000, 0x0000000706600000| Untracked 
|   7|0x0000000706800000, 0x0000000706800000, 0x0000000706a00000|  0%| F|  |TAMS 0x0000000706800000, 0x0000000706800000| Untracked 
|   8|0x0000000706a00000, 0x0000000706a00000, 0x0000000706c00000|  0%| F|  |TAMS 0x0000000706a00000, 0x0000000706a00000| Untracked 
|   9|0x0000000706c00000, 0x0000000706c00000, 0x0000000706e00000|  0%| F|  |TAMS 0x0000000706c00000, 0x0000000706c00000| Untracked 
|  10|0x0000000706e00000, 0x0000000706e00000, 0x0000000707000000|  0%| F|  |TAMS 0x0000000706e00000, 0x0000000706e00000| Untracked 
|  11|0x0000000707000000, 0x0000000707000000, 0x0000000707200000|  0%| F|  |TAMS 0x0000000707000000, 0x0000000707000000| Untracked 
|  12|0x0000000707200000, 0x0000000707200000, 0x0000000707400000|  0%| F|  |TAMS 0x0000000707200000, 0x0000000707200000| Untracked 
|  13|0x0000000707400000, 0x0000000707400000, 0x0000000707600000|  0%| F|  |TAMS 0x0000000707400000, 0x0000000707400000| Untracked 
|  14|0x0000000707600000, 0x0000000707600000, 0x0000000707800000|  0%| F|  |TAMS 0x0000000707600000, 0x0000000707600000| Untracked 
|  15|0x0000000707800000, 0x0000000707800000, 0x0000000707a00000|  0%| F|  |TAMS 0x0000000707800000, 0x0000000707800000| Untracked 
|  16|0x0000000707a00000, 0x0000000707a00000, 0x0000000707c00000|  0%| F|  |TAMS 0x0000000707a00000, 0x0000000707a00000| Untracked 
|  17|0x0000000707c00000, 0x0000000707c00000, 0x0000000707e00000|  0%| F|  |TAMS 0x0000000707c00000, 0x0000000707c00000| Untracked 
|  18|0x0000000707e00000, 0x0000000707e00000, 0x0000000708000000|  0%| F|  |TAMS 0x0000000707e00000, 0x0000000707e00000| Untracked 
|  19|0x0000000708000000, 0x0000000708000000, 0x0000000708200000|  0%| F|  |TAMS 0x0000000708000000, 0x0000000708000000| Untracked 
|  20|0x0000000708200000, 0x0000000708200000, 0x0000000708400000|  0%| F|  |TAMS 0x0000000708200000, 0x0000000708200000| Untracked 
|  21|0x0000000708400000, 0x0000000708400000, 0x0000000708600000|  0%| F|  |TAMS 0x0000000708400000, 0x0000000708400000| Untracked 
|  22|0x0000000708600000, 0x0000000708600000, 0x0000000708800000|  0%| F|  |TAMS 0x0000000708600000, 0x0000000708600000| Untracked 
|  23|0x0000000708800000, 0x0000000708800000, 0x0000000708a00000|  0%| F|  |TAMS 0x0000000708800000, 0x0000000708800000| Untracked 
|  24|0x0000000708a00000, 0x0000000708a00000, 0x0000000708c00000|  0%| F|  |TAMS 0x0000000708a00000, 0x0000000708a00000| Untracked 
|  25|0x0000000708c00000, 0x0000000708c00000, 0x0000000708e00000|  0%| F|  |TAMS 0x0000000708c00000, 0x0000000708c00000| Untracked 
|  26|0x0000000708e00000, 0x0000000708e00000, 0x0000000709000000|  0%| F|  |TAMS 0x0000000708e00000, 0x0000000708e00000| Untracked 
|  27|0x0000000709000000, 0x0000000709000000, 0x0000000709200000|  0%| F|  |TAMS 0x0000000709000000, 0x0000000709000000| Untracked 
|  28|0x0000000709200000, 0x0000000709200000, 0x0000000709400000|  0%| F|  |TAMS 0x0000000709200000, 0x0000000709200000| Untracked 
|  29|0x0000000709400000, 0x0000000709400000, 0x0000000709600000|  0%| F|  |TAMS 0x0000000709400000, 0x0000000709400000| Untracked 
|  30|0x0000000709600000, 0x0000000709600000, 0x0000000709800000|  0%| F|  |TAMS 0x0000000709600000, 0x0000000709600000| Untracked 
|  31|0x0000000709800000, 0x0000000709800000, 0x0000000709a00000|  0%| F|  |TAMS 0x0000000709800000, 0x0000000709800000| Untracked 
|  32|0x0000000709a00000, 0x0000000709a00000, 0x0000000709c00000|  0%| F|  |TAMS 0x0000000709a00000, 0x0000000709a00000| Untracked 
|  33|0x0000000709c00000, 0x0000000709c00000, 0x0000000709e00000|  0%| F|  |TAMS 0x0000000709c00000, 0x0000000709c00000| Untracked 
|  34|0x0000000709e00000, 0x0000000709e00000, 0x000000070a000000|  0%| F|  |TAMS 0x0000000709e00000, 0x0000000709e00000| Untracked 
|  35|0x000000070a000000, 0x000000070a000000, 0x000000070a200000|  0%| F|  |TAMS 0x000000070a000000, 0x000000070a000000| Untracked 
|  36|0x000000070a200000, 0x000000070a200000, 0x000000070a400000|  0%| F|  |TAMS 0x000000070a200000, 0x000000070a200000| Untracked 
|  37|0x000000070a400000, 0x000000070a400000, 0x000000070a600000|  0%| F|  |TAMS 0x000000070a400000, 0x000000070a400000| Untracked 
|  38|0x000000070a600000, 0x000000070a600000, 0x000000070a800000|  0%| F|  |TAMS 0x000000070a600000, 0x000000070a600000| Untracked 
|  39|0x000000070a800000, 0x000000070a800000, 0x000000070aa00000|  0%| F|  |TAMS 0x000000070a800000, 0x000000070a800000| Untracked 
|  40|0x000000070aa00000, 0x000000070aa00000, 0x000000070ac00000|  0%| F|  |TAMS 0x000000070aa00000, 0x000000070aa00000| Untracked 
|  41|0x000000070ac00000, 0x000000070ac00000, 0x000000070ae00000|  0%| F|  |TAMS 0x000000070ac00000, 0x000000070ac00000| Untracked 
|  42|0x000000070ae00000, 0x000000070ae00000, 0x000000070b000000|  0%| F|  |TAMS 0x000000070ae00000, 0x000000070ae00000| Untracked 
|  43|0x000000070b000000, 0x000000070b000000, 0x000000070b200000|  0%| F|  |TAMS 0x000000070b000000, 0x000000070b000000| Untracked 
|  44|0x000000070b200000, 0x000000070b200000, 0x000000070b400000|  0%| F|  |TAMS 0x000000070b200000, 0x000000070b200000| Untracked 
|  45|0x000000070b400000, 0x000000070b400000, 0x000000070b600000|  0%| F|  |TAMS 0x000000070b400000, 0x000000070b400000| Untracked 
|  46|0x000000070b600000, 0x000000070b600000, 0x000000070b800000|  0%| F|  |TAMS 0x000000070b600000, 0x000000070b600000| Untracked 
|  47|0x000000070b800000, 0x000000070b800000, 0x000000070ba00000|  0%| F|  |TAMS 0x000000070b800000, 0x000000070b800000| Untracked 
|  48|0x000000070ba00000, 0x000000070ba00000, 0x000000070bc00000|  0%| F|  |TAMS 0x000000070ba00000, 0x000000070ba00000| Untracked 
|  49|0x000000070bc00000, 0x000000070bc00000, 0x000000070be00000|  0%| F|  |TAMS 0x000000070bc00000, 0x000000070bc00000| Untracked 
|  50|0x000000070be00000, 0x000000070be00000, 0x000000070c000000|  0%| F|  |TAMS 0x000000070be00000, 0x000000070be00000| Untracked 
|  51|0x000000070c000000, 0x000000070c000000, 0x000000070c200000|  0%| F|  |TAMS 0x000000070c000000, 0x000000070c000000| Untracked 
|  52|0x000000070c200000, 0x000000070c200000, 0x000000070c400000|  0%| F|  |TAMS 0x000000070c200000, 0x000000070c200000| Untracked 
|  53|0x000000070c400000, 0x000000070c400000, 0x000000070c600000|  0%| F|  |TAMS 0x000000070c400000, 0x000000070c400000| Untracked 
|  54|0x000000070c600000, 0x000000070c600000, 0x000000070c800000|  0%| F|  |TAMS 0x000000070c600000, 0x000000070c600000| Untracked 
|  55|0x000000070c800000, 0x000000070c800000, 0x000000070ca00000|  0%| F|  |TAMS 0x000000070c800000, 0x000000070c800000| Untracked 
|  56|0x000000070ca00000, 0x000000070ca00000, 0x000000070cc00000|  0%| F|  |TAMS 0x000000070ca00000, 0x000000070ca00000| Untracked 
|  57|0x000000070cc00000, 0x000000070cc00000, 0x000000070ce00000|  0%| F|  |TAMS 0x000000070cc00000, 0x000000070cc00000| Untracked 
|  58|0x000000070ce00000, 0x000000070ce00000, 0x000000070d000000|  0%| F|  |TAMS 0x000000070ce00000, 0x000000070ce00000| Untracked 
|  59|0x000000070d000000, 0x000000070d000000, 0x000000070d200000|  0%| F|  |TAMS 0x000000070d000000, 0x000000070d000000| Untracked 
|  60|0x000000070d200000, 0x000000070d200000, 0x000000070d400000|  0%| F|  |TAMS 0x000000070d200000, 0x000000070d200000| Untracked 
|  61|0x000000070d400000, 0x000000070d400000, 0x000000070d600000|  0%| F|  |TAMS 0x000000070d400000, 0x000000070d400000| Untracked 
|  62|0x000000070d600000, 0x000000070d600000, 0x000000070d800000|  0%| F|  |TAMS 0x000000070d600000, 0x000000070d600000| Untracked 
|  63|0x000000070d800000, 0x000000070d800000, 0x000000070da00000|  0%| F|  |TAMS 0x000000070d800000, 0x000000070d800000| Untracked 
|  64|0x000000070da00000, 0x000000070da00000, 0x000000070dc00000|  0%| F|  |TAMS 0x000000070da00000, 0x000000070da00000| Untracked 
|  65|0x000000070dc00000, 0x000000070dc00000, 0x000000070de00000|  0%| F|  |TAMS 0x000000070dc00000, 0x000000070dc00000| Untracked 
|  66|0x000000070de00000, 0x000000070de00000, 0x000000070e000000|  0%| F|  |TAMS 0x000000070de00000, 0x000000070de00000| Untracked 
|  67|0x000000070e000000, 0x000000070e000000, 0x000000070e200000|  0%| F|  |TAMS 0x000000070e000000, 0x000000070e000000| Untracked 
|  68|0x000000070e200000, 0x000000070e200000, 0x000000070e400000|  0%| F|  |TAMS 0x000000070e200000, 0x000000070e200000| Untracked 
|  69|0x000000070e400000, 0x000000070e400000, 0x000000070e600000|  0%| F|  |TAMS 0x000000070e400000, 0x000000070e400000| Untracked 
|  70|0x000000070e600000, 0x000000070e600000, 0x000000070e800000|  0%| F|  |TAMS 0x000000070e600000, 0x000000070e600000| Untracked 
|  71|0x000000070e800000, 0x000000070e800000, 0x000000070ea00000|  0%| F|  |TAMS 0x000000070e800000, 0x000000070e800000| Untracked 
|  72|0x000000070ea00000, 0x000000070ea00000, 0x000000070ec00000|  0%| F|  |TAMS 0x000000070ea00000, 0x000000070ea00000| Untracked 
|  73|0x000000070ec00000, 0x000000070ec00000, 0x000000070ee00000|  0%| F|  |TAMS 0x000000070ec00000, 0x000000070ec00000| Untracked 
|  74|0x000000070ee00000, 0x000000070ee00000, 0x000000070f000000|  0%| F|  |TAMS 0x000000070ee00000, 0x000000070ee00000| Untracked 
|  75|0x000000070f000000, 0x000000070f000000, 0x000000070f200000|  0%| F|  |TAMS 0x000000070f000000, 0x000000070f000000| Untracked 
|  76|0x000000070f200000, 0x000000070f200000, 0x000000070f400000|  0%| F|  |TAMS 0x000000070f200000, 0x000000070f200000| Untracked 
|  77|0x000000070f400000, 0x000000070f400000, 0x000000070f600000|  0%| F|  |TAMS 0x000000070f400000, 0x000000070f400000| Untracked 
|  78|0x000000070f600000, 0x000000070f600000, 0x000000070f800000|  0%| F|  |TAMS 0x000000070f600000, 0x000000070f600000| Untracked 
|  79|0x000000070f800000, 0x000000070f800000, 0x000000070fa00000|  0%| F|  |TAMS 0x000000070f800000, 0x000000070f800000| Untracked 
|  80|0x000000070fa00000, 0x000000070fa00000, 0x000000070fc00000|  0%| F|  |TAMS 0x000000070fa00000, 0x000000070fa00000| Untracked 
|  81|0x000000070fc00000, 0x000000070fc00000, 0x000000070fe00000|  0%| F|  |TAMS 0x000000070fc00000, 0x000000070fc00000| Untracked 
|  82|0x000000070fe00000, 0x000000070fe00000, 0x0000000710000000|  0%| F|  |TAMS 0x000000070fe00000, 0x000000070fe00000| Untracked 
|  83|0x0000000710000000, 0x0000000710000000, 0x0000000710200000|  0%| F|  |TAMS 0x0000000710000000, 0x0000000710000000| Untracked 
|  84|0x0000000710200000, 0x0000000710200000, 0x0000000710400000|  0%| F|  |TAMS 0x0000000710200000, 0x0000000710200000| Untracked 
|  85|0x0000000710400000, 0x0000000710400000, 0x0000000710600000|  0%| F|  |TAMS 0x0000000710400000, 0x0000000710400000| Untracked 
|  86|0x0000000710600000, 0x0000000710600000, 0x0000000710800000|  0%| F|  |TAMS 0x0000000710600000, 0x0000000710600000| Untracked 
|  87|0x0000000710800000, 0x0000000710800000, 0x0000000710a00000|  0%| F|  |TAMS 0x0000000710800000, 0x0000000710800000| Untracked 
|  88|0x0000000710a00000, 0x0000000710a00000, 0x0000000710c00000|  0%| F|  |TAMS 0x0000000710a00000, 0x0000000710a00000| Untracked 
|  89|0x0000000710c00000, 0x0000000710c00000, 0x0000000710e00000|  0%| F|  |TAMS 0x0000000710c00000, 0x0000000710c00000| Untracked 
|  90|0x0000000710e00000, 0x0000000710e00000, 0x0000000711000000|  0%| F|  |TAMS 0x0000000710e00000, 0x0000000710e00000| Untracked 
|  91|0x0000000711000000, 0x0000000711000000, 0x0000000711200000|  0%| F|  |TAMS 0x0000000711000000, 0x0000000711000000| Untracked 
|  92|0x0000000711200000, 0x0000000711200000, 0x0000000711400000|  0%| F|  |TAMS 0x0000000711200000, 0x0000000711200000| Untracked 
|  93|0x0000000711400000, 0x0000000711400000, 0x0000000711600000|  0%| F|  |TAMS 0x0000000711400000, 0x0000000711400000| Untracked 
|  94|0x0000000711600000, 0x0000000711600000, 0x0000000711800000|  0%| F|  |TAMS 0x0000000711600000, 0x0000000711600000| Untracked 
|  95|0x0000000711800000, 0x0000000711800000, 0x0000000711a00000|  0%| F|  |TAMS 0x0000000711800000, 0x0000000711800000| Untracked 
|  96|0x0000000711a00000, 0x0000000711a00000, 0x0000000711c00000|  0%| F|  |TAMS 0x0000000711a00000, 0x0000000711a00000| Untracked 
|  97|0x0000000711c00000, 0x0000000711c00000, 0x0000000711e00000|  0%| F|  |TAMS 0x0000000711c00000, 0x0000000711c00000| Untracked 
|  98|0x0000000711e00000, 0x0000000711e00000, 0x0000000712000000|  0%| F|  |TAMS 0x0000000711e00000, 0x0000000711e00000| Untracked 
|  99|0x0000000712000000, 0x0000000712000000, 0x0000000712200000|  0%| F|  |TAMS 0x0000000712000000, 0x0000000712000000| Untracked 
| 100|0x0000000712200000, 0x0000000712200000, 0x0000000712400000|  0%| F|  |TAMS 0x0000000712200000, 0x0000000712200000| Untracked 
| 101|0x0000000712400000, 0x0000000712400000, 0x0000000712600000|  0%| F|  |TAMS 0x0000000712400000, 0x0000000712400000| Untracked 
| 102|0x0000000712600000, 0x0000000712600000, 0x0000000712800000|  0%| F|  |TAMS 0x0000000712600000, 0x0000000712600000| Untracked 
| 103|0x0000000712800000, 0x0000000712800000, 0x0000000712a00000|  0%| F|  |TAMS 0x0000000712800000, 0x0000000712800000| Untracked 
| 104|0x0000000712a00000, 0x0000000712a00000, 0x0000000712c00000|  0%| F|  |TAMS 0x0000000712a00000, 0x0000000712a00000| Untracked 
| 105|0x0000000712c00000, 0x0000000712c00000, 0x0000000712e00000|  0%| F|  |TAMS 0x0000000712c00000, 0x0000000712c00000| Untracked 
| 106|0x0000000712e00000, 0x0000000712e00000, 0x0000000713000000|  0%| F|  |TAMS 0x0000000712e00000, 0x0000000712e00000| Untracked 
| 107|0x0000000713000000, 0x0000000713000000, 0x0000000713200000|  0%| F|  |TAMS 0x0000000713000000, 0x0000000713000000| Untracked 
| 108|0x0000000713200000, 0x0000000713200000, 0x0000000713400000|  0%| F|  |TAMS 0x0000000713200000, 0x0000000713200000| Untracked 
| 109|0x0000000713400000, 0x0000000713400000, 0x0000000713600000|  0%| F|  |TAMS 0x0000000713400000, 0x0000000713400000| Untracked 
| 110|0x0000000713600000, 0x0000000713600000, 0x0000000713800000|  0%| F|  |TAMS 0x0000000713600000, 0x0000000713600000| Untracked 
| 111|0x0000000713800000, 0x0000000713800000, 0x0000000713a00000|  0%| F|  |TAMS 0x0000000713800000, 0x0000000713800000| Untracked 
| 112|0x0000000713a00000, 0x0000000713a00000, 0x0000000713c00000|  0%| F|  |TAMS 0x0000000713a00000, 0x0000000713a00000| Untracked 
| 113|0x0000000713c00000, 0x0000000713c00000, 0x0000000713e00000|  0%| F|  |TAMS 0x0000000713c00000, 0x0000000713c00000| Untracked 
| 114|0x0000000713e00000, 0x0000000713e00000, 0x0000000714000000|  0%| F|  |TAMS 0x0000000713e00000, 0x0000000713e00000| Untracked 
| 115|0x0000000714000000, 0x0000000714000000, 0x0000000714200000|  0%| F|  |TAMS 0x0000000714000000, 0x0000000714000000| Untracked 
| 116|0x0000000714200000, 0x0000000714200000, 0x0000000714400000|  0%| F|  |TAMS 0x0000000714200000, 0x0000000714200000| Untracked 
| 117|0x0000000714400000, 0x0000000714400000, 0x0000000714600000|  0%| F|  |TAMS 0x0000000714400000, 0x0000000714400000| Untracked 
| 118|0x0000000714600000, 0x0000000714600000, 0x0000000714800000|  0%| F|  |TAMS 0x0000000714600000, 0x0000000714600000| Untracked 
| 119|0x0000000714800000, 0x0000000714800000, 0x0000000714a00000|  0%| F|  |TAMS 0x0000000714800000, 0x0000000714800000| Untracked 
| 120|0x0000000714a00000, 0x0000000714a00000, 0x0000000714c00000|  0%| F|  |TAMS 0x0000000714a00000, 0x0000000714a00000| Untracked 
| 121|0x0000000714c00000, 0x0000000714c71248, 0x0000000714e00000| 22%| E|  |TAMS 0x0000000714c00000, 0x0000000714c00000| Complete 
| 122|0x0000000714e00000, 0x0000000715000000, 0x0000000715000000|100%| E|CS|TAMS 0x0000000714e00000, 0x0000000714e00000| Complete 
| 123|0x0000000715000000, 0x0000000715200000, 0x0000000715200000|100%| E|CS|TAMS 0x0000000715000000, 0x0000000715000000| Complete 
| 124|0x0000000715200000, 0x0000000715400000, 0x0000000715400000|100%| E|CS|TAMS 0x0000000715200000, 0x0000000715200000| Complete 
| 125|0x0000000715400000, 0x0000000715600000, 0x0000000715600000|100%| E|CS|TAMS 0x0000000715400000, 0x0000000715400000| Complete 

Card table byte_map: [0x00000266d5fa0000,0x00000266d6780000] _byte_map_base: 0x00000266d2773000

Marking Bits (Prev, Next): (CMBitMap*) 0x00000266be4c7c90, (CMBitMap*) 0x00000266be4c7cd0
 Prev Bits: [0x00000266d6f60000, 0x00000266dadf8000)
 Next Bits: [0x00000266dae00000, 0x00000266dec98000)

Polling page: 0x00000266bc3d0000

Metaspace:

Usage:
  Non-class:      2.74 MB used.
      Class:    327.58 KB used.
       Both:      3.06 MB used.

Virtual space:
  Non-class space:       64.00 MB reserved,       2.81 MB (  4%) committed,  1 nodes.
      Class space:        1.00 GB reserved,     448.00 KB ( <1%) committed,  1 nodes.
             Both:        1.06 GB reserved,       3.25 MB ( <1%) committed. 

Chunk freelists:
   Non-Class:  11.34 MB
       Class:  15.61 MB
        Both:  26.95 MB

MaxMetaspaceSize: unlimited
CompressedClassSpaceSize: 1.00 GB
Initial GC threshold: 21.00 MB
Current GC threshold: 21.00 MB
CDS: on
MetaspaceReclaimPolicy: balanced
 - commit_granule_bytes: 65536.
 - commit_granule_words: 8192.
 - virtual_space_node_default_size: 8388608.
 - enlarge_chunks_in_place: 1.
 - new_chunks_are_fully_committed: 0.
 - uncommit_free_chunks: 1.
 - use_allocation_guard: 0.
 - handle_deallocations: 1.


Internal statistics:

num_allocs_failed_limit: 0.
num_arena_births: 72.
num_arena_deaths: 0.
num_vsnodes_births: 2.
num_vsnodes_deaths: 0.
num_space_committed: 52.
num_space_uncommitted: 0.
num_chunks_returned_to_freelist: 0.
num_chunks_taken_from_freelist: 125.
num_chunk_merges: 0.
num_chunk_splits: 81.
num_chunks_enlarged: 40.
num_inconsistent_stats: 0.

CodeHeap 'non-profiled nmethods': size=119168Kb used=227Kb max_used=227Kb free=118940Kb
 bounds [0x00000266cdae0000, 0x00000266cdd50000, 0x00000266d4f40000]
CodeHeap 'profiled nmethods': size=119104Kb used=1215Kb max_used=1215Kb free=117888Kb
 bounds [0x00000266c5f40000, 0x00000266c61b0000, 0x00000266cd390000]
CodeHeap 'non-nmethods': size=7488Kb used=1187Kb max_used=2868Kb free=6300Kb
 bounds [0x00000266cd390000, 0x00000266cd660000, 0x00000266cdae0000]
 total_blobs=1208 nmethods=721 adapters=400
 compilation: enabled
              stopped_count=0, restarted_count=0
 full_count=0

Compilation events (20 events):
Event: 4.034 Thread 0x000002672305e120  703       3       java.lang.reflect.Modifier::isPublic (12 bytes)
Event: 4.034 Thread 0x000002672305e120 nmethod 703 0x00000266c606bc90 code [0x00000266c606be20, 0x00000266c606bf78]
Event: 4.035 Thread 0x000002672305e120  705       3       java.lang.invoke.MethodHandleNatives::refKindHasReceiver (33 bytes)
Event: 4.035 Thread 0x000002672305e120 nmethod 705 0x00000266c606c010 code [0x00000266c606c1a0, 0x00000266c606c2f8]
Event: 4.036 Thread 0x000002672305e120  707       3       java.lang.invoke.MethodTypeForm::canonicalizeAll (63 bytes)
Event: 4.036 Thread 0x000002672311f380  709       3       sun.invoke.util.VerifyAccess::isSamePackage (37 bytes)
Event: 4.036 Thread 0x000002672305e120 nmethod 707 0x00000266c606c390 code [0x00000266c606c580, 0x00000266c606cbf8]
Event: 4.036 Thread 0x000002672305e120  710       3       jdk.internal.org.objectweb.asm.Handler::getExceptionTableLength (21 bytes)
Event: 4.036 Thread 0x000002672305e120 nmethod 710 0x00000266c606ce10 code [0x00000266c606cfa0, 0x00000266c606d158]
Event: 4.037 Thread 0x000002672305e120  711       1       jdk.internal.org.objectweb.asm.SymbolTable::getMajorVersion (5 bytes)
Event: 4.037 Thread 0x000002672305e120 nmethod 711 0x00000266cdb17190 code [0x00000266cdb17320, 0x00000266cdb173f8]
Event: 4.037 Thread 0x000002672311f380 nmethod 709 0x00000266c606d290 code [0x00000266c606d5a0, 0x00000266c606ea38]
Event: 4.037 Thread 0x000002672311f380  714       3       sun.invoke.util.Wrapper::forBasicType (16 bytes)
Event: 4.037 Thread 0x000002672311f380 nmethod 714 0x00000266c606f010 code [0x00000266c606f1c0, 0x00000266c606f368]
Event: 4.039 Thread 0x000002672305d670  715       4       java.util.concurrent.ConcurrentHashMap::setTabAt (20 bytes)
Event: 4.040 Thread 0x000002672305d670 nmethod 715 0x00000266cdb17c10 code [0x00000266cdb17d80, 0x00000266cdb17e98]
Event: 19.962 Thread 0x000002672305e120  717       3       jdk.internal.org.objectweb.asm.ByteVector::<init> (13 bytes)
Event: 19.962 Thread 0x000002672305e120 nmethod 717 0x00000266c606f410 code [0x00000266c606f5c0, 0x00000266c606f838]
Event: 19.962 Thread 0x000002672305e120  721       3       java.lang.invoke.MemberName::<init> (50 bytes)
Event: 19.962 Thread 0x000002672305e120 nmethod 721 0x00000266c606f910 code [0x00000266c606fae0, 0x00000266c606fdf8]

GC Heap History (0 events):
No events

Dll operation events (10 events):
Event: 0.007 Loaded shared library C:\Program Files\Eclipse Adoptium\jdk-17.0.8.101-hotspot\bin\java.dll
Event: 0.021 Loaded shared library C:\Program Files\Eclipse Adoptium\jdk-17.0.8.101-hotspot\bin\jsvml.dll
Event: 0.055 Loaded shared library C:\Program Files\Eclipse Adoptium\jdk-17.0.8.101-hotspot\bin\zip.dll
Event: 0.056 Loaded shared library C:\Program Files\Eclipse Adoptium\jdk-17.0.8.101-hotspot\bin\instrument.dll
Event: 0.060 Loaded shared library C:\Program Files\Eclipse Adoptium\jdk-17.0.8.101-hotspot\bin\net.dll
Event: 0.061 Loaded shared library C:\Program Files\Eclipse Adoptium\jdk-17.0.8.101-hotspot\bin\nio.dll
Event: 0.063 Loaded shared library C:\Program Files\Eclipse Adoptium\jdk-17.0.8.101-hotspot\bin\zip.dll
Event: 0.067 Loaded shared library D:\IntelliJ IDEA 2023.2.5\bin\breakgen64.dll
Event: 0.087 Loaded shared library C:\Program Files (x86)\ZRDDS\ZRDDS-2.4.4\lib\ZRDDS_JAVA.dll
Event: 1.048 Loaded shared library C:\Program Files\Eclipse Adoptium\jdk-17.0.8.101-hotspot\bin\jimage.dll

Deoptimization events (20 events):
Event: 0.160 Thread 0x00000266be45ad30 DEOPT PACKING pc=0x00000266c5f68ed1 sp=0x000000a1807fd620
Event: 0.160 Thread 0x00000266be45ad30 DEOPT UNPACKING pc=0x00000266cd3e7143 sp=0x000000a1807fca98 mode 0
Event: 0.176 Thread 0x00000266be45ad30 DEOPT PACKING pc=0x00000266c5f85365 sp=0x000000a1807fe3d0
Event: 0.176 Thread 0x00000266be45ad30 DEOPT UNPACKING pc=0x00000266cd3e7143 sp=0x000000a1807fd820 mode 0
Event: 1.053 Thread 0x0000026723023590 Uncommon trap: trap_request=0xffffff45 fr.pc=0x00000266cdaf8b20 relative=0x0000000000000500
Event: 1.053 Thread 0x0000026723023590 Uncommon trap: reason=unstable_if action=reinterpret pc=0x00000266cdaf8b20 method=java.lang.StringLatin1.indexOf([BI[BII)I @ 80 c2
Event: 1.053 Thread 0x0000026723023590 DEOPT PACKING pc=0x00000266cdaf8b20 sp=0x000000a1811fe6a0
Event: 1.053 Thread 0x0000026723023590 DEOPT UNPACKING pc=0x00000266cd3e69a3 sp=0x000000a1811fe600 mode 2
Event: 3.767 Thread 0x0000026723c08580 Uncommon trap: trap_request=0xffffff45 fr.pc=0x00000266cdb024ec relative=0x000000000000024c
Event: 3.767 Thread 0x0000026723c08580 Uncommon trap: reason=unstable_if action=reinterpret pc=0x00000266cdb024ec method=java.lang.String.startsWith(Ljava/lang/String;I)Z @ 1 c2
Event: 3.767 Thread 0x0000026723c08580 DEOPT PACKING pc=0x00000266cdb024ec sp=0x000000a1821fc8c0
Event: 3.767 Thread 0x0000026723c08580 DEOPT UNPACKING pc=0x00000266cd3e69a3 sp=0x000000a1821fc828 mode 2
Event: 3.772 Thread 0x0000026723c08580 Uncommon trap: trap_request=0xffffff45 fr.pc=0x00000266cdafe600 relative=0x0000000000000f80
Event: 3.772 Thread 0x0000026723c08580 Uncommon trap: reason=unstable_if action=reinterpret pc=0x00000266cdafe600 method=java.util.HashMap.putVal(ILjava/lang/Object;Ljava/lang/Object;ZZ)Ljava/lang/Object; @ 181 c2
Event: 3.772 Thread 0x0000026723c08580 DEOPT PACKING pc=0x00000266cdafe600 sp=0x000000a1821fd440
Event: 3.772 Thread 0x0000026723c08580 DEOPT UNPACKING pc=0x00000266cd3e69a3 sp=0x000000a1821fd398 mode 2
Event: 3.772 Thread 0x0000026723c08580 Uncommon trap: trap_request=0xffffff45 fr.pc=0x00000266cdaed234 relative=0x00000000000008d4
Event: 3.772 Thread 0x0000026723c08580 Uncommon trap: reason=unstable_if action=reinterpret pc=0x00000266cdaed234 method=java.util.HashMap.putVal(ILjava/lang/Object;Ljava/lang/Object;ZZ)Ljava/lang/Object; @ 181 c2
Event: 3.772 Thread 0x0000026723c08580 DEOPT PACKING pc=0x00000266cdaed234 sp=0x000000a1821fd3b0
Event: 3.772 Thread 0x0000026723c08580 DEOPT UNPACKING pc=0x00000266cd3e69a3 sp=0x000000a1821fd390 mode 2

Classes unloaded (0 events):
No events

Classes redefined (0 events):
No events

Internal exceptions (10 events):
Event: 0.071 Thread 0x0000026723240790 Exception <a 'java/lang/NoSuchMethodError'{0x000000071535c218}: 'java.lang.Object java.lang.invoke.DirectMethodHandle$Holder.invokeStaticInit(java.lang.Object)'> (0x000000071535c218) 
thrown [s\src\hotspot\share\interpreter\linkResolver.cpp, line 759]
Event: 0.073 Thread 0x00000266be45ad30 Exception <a 'java/lang/NoSuchMethodError'{0x000000071530bf88}: 'void java.lang.invoke.DirectMethodHandle$Holder.invokeStatic(java.lang.Object, java.lang.Object, java.lang.Object)'> (0x000000071530bf88) 
thrown [s\src\hotspot\share\interpreter\linkResolver.cpp, line 759]
Event: 0.076 Thread 0x0000026723240790 Exception <a 'java/lang/NoSuchMethodError'{0x0000000715369f70}: 'void java.lang.invoke.DirectMethodHandle$Holder.invokeStatic(java.lang.Object, java.lang.Object)'> (0x0000000715369f70) 
thrown [s\src\hotspot\share\interpreter\linkResolver.cpp, line 759]
Event: 3.774 Thread 0x0000026723c08580 Exception <a 'java/lang/NoSuchMethodError'{0x0000000714f56700}: 'java.lang.Object java.lang.invoke.DirectMethodHandle$Holder.invokeStaticInit(java.lang.Object, int, int, int, int)'> (0x0000000714f56700) 
thrown [s\src\hotspot\share\interpreter\linkResolver.cpp, line 759]
Event: 3.860 Thread 0x0000026723c08580 Exception <a 'java/lang/NoSuchMethodError'{0x0000000714fee2b8}: 'java.lang.Object java.lang.invoke.DirectMethodHandle$Holder.invokeStaticInit(java.lang.Object, java.lang.Object, int, int, int, int)'> (0x0000000714fee2b8) 
thrown [s\src\hotspot\share\interpreter\linkResolver.cpp, line 759]
Event: 4.034 Thread 0x0000026723c08580 Exception <a 'java/lang/NoSuchMethodError'{0x0000000714ff8410}: 'void java.lang.invoke.DirectMethodHandle$Holder.invokeStatic(java.lang.Object, long)'> (0x0000000714ff8410) 
thrown [s\src\hotspot\share\interpreter\linkResolver.cpp, line 759]
Event: 4.035 Thread 0x0000026723c08580 Exception <a 'java/lang/NoSuchMethodError'{0x0000000714ffd748}: 'java.lang.Object java.lang.invoke.DirectMethodHandle$Holder.newInvokeSpecial(java.lang.Object, long)'> (0x0000000714ffd748) 
thrown [s\src\hotspot\share\interpreter\linkResolver.cpp, line 759]
Event: 4.036 Thread 0x0000026723c08580 Exception <a 'java/lang/NoSuchMethodError'{0x0000000714c082e0}: 'java.lang.Object java.lang.invoke.DirectMethodHandle$Holder.invokeStaticInit(java.lang.Object, java.lang.Object, long, java.lang.Object)'> (0x0000000714c082e0) 
thrown [s\src\hotspot\share\interpreter\linkResolver.cpp, line 759]
Event: 4.037 Thread 0x0000026723c08580 Exception <a 'java/lang/NoSuchMethodError'{0x0000000714c0e670}: 'java.lang.Object java.lang.invoke.DirectMethodHandle$Holder.newInvokeSpecial(java.lang.Object, java.lang.Object, long)'> (0x0000000714c0e670) 
thrown [s\src\hotspot\share\interpreter\linkResolver.cpp, line 759]
Event: 4.037 Thread 0x0000026723c08580 Exception <a 'java/lang/NoSuchMethodError'{0x0000000714c121e0}: 'java.lang.Object java.lang.invoke.Invokers$Holder.linkToTargetMethod(java.lang.Object, long, java.lang.Object)'> (0x0000000714c121e0) 
thrown [s\src\hotspot\share\interpreter\linkResolver.cpp, line 759]

VM Operations (8 events):
Event: 0.070 Executing VM operation: HandshakeAllThreads
Event: 0.070 Executing VM operation: HandshakeAllThreads done
Event: 0.071 Executing VM operation: HandshakeAllThreads
Event: 0.071 Executing VM operation: HandshakeAllThreads done
Event: 1.074 Executing VM operation: Cleanup
Event: 1.074 Executing VM operation: Cleanup done
Event: 4.111 Executing VM operation: Cleanup
Event: 4.111 Executing VM operation: Cleanup done

Events (20 events):
Event: 4.038 loading class java/util/concurrent/locks/Condition
Event: 4.038 loading class java/util/concurrent/locks/Condition done
Event: 4.038 loading class java/util/concurrent/locks/AbstractQueuedSynchronizer$ConditionObject done
Event: 4.039 loading class java/lang/ProcessImpl$2
Event: 4.039 loading class java/lang/ProcessImpl$2 done
Event: 4.039 loading class java/lang/Process$PipeInputStream
Event: 4.039 loading class java/lang/Process$PipeInputStream done
Event: 4.039 loading class java/lang/ProcessBuilder$NullInputStream
Event: 4.039 loading class java/lang/ProcessBuilder$NullInputStream done
Event: 4.039 loading class jdk/internal/event/ProcessStartEvent
Event: 4.039 loading class jdk/internal/event/ProcessStartEvent done
Event: 9.040 Thread 0x000002672311f380 Thread exited: 0x000002672311f380
Event: 19.963 loading class java/nio/channels/Channels
Event: 19.963 loading class java/nio/channels/Channels done
Event: 19.963 loading class sun/nio/ch/ChannelInputStream
Event: 19.963 loading class sun/nio/ch/ChannelInputStream done
Event: 19.963 loading class sun/nio/ch/IOStatus
Event: 19.963 loading class sun/nio/ch/IOStatus done
Event: 19.964 loading class java/nio/channels/SelectableChannel
Event: 19.964 loading class java/nio/channels/SelectableChannel done


Dynamic libraries:
0x00007ff73b2b0000 - 0x00007ff73b2be000 	C:\Program Files\Eclipse Adoptium\jdk-17.0.8.101-hotspot\bin\java.exe
0x00007ffec1500000 - 0x00007ffec1767000 	C:\WINDOWS\SYSTEM32\ntdll.dll
0x00007ffec0a70000 - 0x00007ffec0b39000 	C:\WINDOWS\System32\KERNEL32.DLL
0x00007ffebeb30000 - 0x00007ffebef20000 	C:\WINDOWS\System32\KERNELBASE.dll
0x00007ffebf140000 - 0x00007ffebf28b000 	C:\WINDOWS\System32\ucrtbase.dll
0x00007ffeae990000 - 0x00007ffeae9a7000 	C:\Program Files\Eclipse Adoptium\jdk-17.0.8.101-hotspot\bin\jli.dll
0x00007ffeb8750000 - 0x00007ffeb8769000 	C:\Program Files\Eclipse Adoptium\jdk-17.0.8.101-hotspot\bin\VCRUNTIME140.dll
0x00007ffec12f0000 - 0x00007ffec14b5000 	C:\WINDOWS\System32\USER32.dll
0x00007ffebe6e0000 - 0x00007ffebe707000 	C:\WINDOWS\System32\win32u.dll
0x00007ffe9ba20000 - 0x00007ffe9bcba000 	C:\WINDOWS\WinSxS\amd64_microsoft.windows.common-controls_6595b64144ccf1df_6.0.26100.4768_none_3e0c112ce331287c\COMCTL32.dll
0x00007ffebf3b0000 - 0x00007ffebf3db000 	C:\WINDOWS\System32\GDI32.dll
0x00007ffebe890000 - 0x00007ffebe9c8000 	C:\WINDOWS\System32\gdi32full.dll
0x00007ffec0b40000 - 0x00007ffec0be9000 	C:\WINDOWS\System32\msvcrt.dll
0x00007ffebe630000 - 0x00007ffebe6d3000 	C:\WINDOWS\System32\msvcp_win.dll
0x00007ffec0180000 - 0x00007ffec01af000 	C:\WINDOWS\System32\IMM32.DLL
0x00007ffeaf830000 - 0x00007ffeaf83c000 	C:\Program Files\Eclipse Adoptium\jdk-17.0.8.101-hotspot\bin\vcruntime140_1.dll
0x00007ffead8c0000 - 0x00007ffead951000 	C:\Program Files\Eclipse Adoptium\jdk-17.0.8.101-hotspot\bin\msvcp140.dll
0x00007ffe8f2a0000 - 0x00007ffe8feec000 	C:\Program Files\Eclipse Adoptium\jdk-17.0.8.101-hotspot\bin\server\jvm.dll
0x00007ffebf2f0000 - 0x00007ffebf3a4000 	C:\WINDOWS\System32\ADVAPI32.dll
0x00007ffec06a0000 - 0x00007ffec0746000 	C:\WINDOWS\System32\sechost.dll
0x00007ffec0760000 - 0x00007ffec0878000 	C:\WINDOWS\System32\RPCRT4.dll
0x00007ffe97240000 - 0x00007ffe9724a000 	C:\WINDOWS\SYSTEM32\WSOCK32.dll
0x00007ffec1270000 - 0x00007ffec12e4000 	C:\WINDOWS\System32\WS2_32.dll
0x00007ffebe490000 - 0x00007ffebe4ee000 	C:\WINDOWS\SYSTEM32\POWRPROF.dll
0x00007ffeb8de0000 - 0x00007ffeb8e15000 	C:\WINDOWS\SYSTEM32\WINMM.dll
0x00007ffead450000 - 0x00007ffead45b000 	C:\WINDOWS\SYSTEM32\VERSION.dll
0x00007ffebe470000 - 0x00007ffebe484000 	C:\WINDOWS\SYSTEM32\UMPDC.dll
0x00007ffebd3b0000 - 0x00007ffebd3cb000 	C:\WINDOWS\SYSTEM32\kernel.appcore.dll
0x00007ffe8f290000 - 0x00007ffe8f29a000 	C:\Program Files\Eclipse Adoptium\jdk-17.0.8.101-hotspot\bin\jimage.dll
0x00007ffebbb80000 - 0x00007ffebbdc1000 	C:\WINDOWS\SYSTEM32\DBGHELP.DLL
0x00007ffec0bf0000 - 0x00007ffec0f75000 	C:\WINDOWS\System32\combase.dll
0x00007ffec1180000 - 0x00007ffec1260000 	C:\WINDOWS\System32\OLEAUT32.dll
0x00007ffe9bea0000 - 0x00007ffe9bee3000 	C:\WINDOWS\SYSTEM32\dbgcore.DLL
0x00007ffebe9d0000 - 0x00007ffebea69000 	C:\WINDOWS\System32\bcryptPrimitives.dll
0x00007ffead8a0000 - 0x00007ffead8ae000 	C:\Program Files\Eclipse Adoptium\jdk-17.0.8.101-hotspot\bin\instrument.dll
0x00007ffe8e940000 - 0x00007ffe8e965000 	C:\Program Files\Eclipse Adoptium\jdk-17.0.8.101-hotspot\bin\java.dll
0x00007ffe8df70000 - 0x00007ffe8e046000 	C:\Program Files\Eclipse Adoptium\jdk-17.0.8.101-hotspot\bin\jsvml.dll
0x00007ffebf610000 - 0x00007ffebfd5d000 	C:\WINDOWS\System32\SHELL32.dll
0x00007ffebe710000 - 0x00007ffebe883000 	C:\WINDOWS\System32\wintypes.dll
0x00007ffebc1f0000 - 0x00007ffebca50000 	C:\WINDOWS\SYSTEM32\windows.storage.dll
0x00007ffebfe00000 - 0x00007ffebfef5000 	C:\WINDOWS\System32\SHCORE.dll
0x00007ffec0110000 - 0x00007ffec017a000 	C:\WINDOWS\System32\shlwapi.dll
0x00007ffebe550000 - 0x00007ffebe579000 	C:\WINDOWS\SYSTEM32\profapi.dll
0x00007ffe9e410000 - 0x00007ffe9e428000 	C:\Program Files\Eclipse Adoptium\jdk-17.0.8.101-hotspot\bin\zip.dll
0x00007ffe9f180000 - 0x00007ffe9f199000 	C:\Program Files\Eclipse Adoptium\jdk-17.0.8.101-hotspot\bin\net.dll
0x00007ffeb4e60000 - 0x00007ffeb4f7e000 	C:\WINDOWS\SYSTEM32\WINHTTP.dll
0x00007ffebd940000 - 0x00007ffebd9ab000 	C:\WINDOWS\system32\mswsock.dll
0x00007ffe9e430000 - 0x00007ffe9e445000 	C:\Program Files\Eclipse Adoptium\jdk-17.0.8.101-hotspot\bin\nio.dll
0x00007ffe9b000000 - 0x00007ffe9b01a000 	D:\IntelliJ IDEA 2023.2.5\bin\breakgen64.dll
0x00007ffe245b0000 - 0x00007ffe24832000 	C:\Program Files (x86)\ZRDDS\ZRDDS-2.4.4\lib\ZRDDS_JAVA.dll
0x00007ffebcdf0000 - 0x00007ffebce23000 	C:\WINDOWS\SYSTEM32\IPHLPAPI.DLL
0x00007ffebf290000 - 0x00007ffebf29a000 	C:\WINDOWS\System32\NSI.dll
0x00007ffeb50e0000 - 0x00007ffeb5105000 	C:\WINDOWS\SYSTEM32\dhcpcsvc.DLL
0x00007ffe9d090000 - 0x00007ffe9d0a8000 	C:\WINDOWS\system32\napinsp.dll
0x00007ffebce90000 - 0x00007ffebcfb6000 	C:\WINDOWS\SYSTEM32\DNSAPI.dll
0x00007ffe9d010000 - 0x00007ffe9d022000 	C:\WINDOWS\System32\winrnr.dll
0x00007ffe9d050000 - 0x00007ffe9d080000 	C:\WINDOWS\system32\nlansp_c.dll
0x00007ffe9cfe0000 - 0x00007ffe9d000000 	C:\WINDOWS\system32\wshbth.dll
0x00007ffebd660000 - 0x00007ffebd6a9000 	C:\WINDOWS\SYSTEM32\SspiCli.dll
0x00007ffebdc00000 - 0x00007ffebdc1b000 	C:\WINDOWS\SYSTEM32\CRYPTSP.dll
0x00007ffebd310000 - 0x00007ffebd34b000 	C:\WINDOWS\system32\rsaenh.dll
0x00007ffebd9e0000 - 0x00007ffebda0b000 	C:\WINDOWS\SYSTEM32\USERENV.dll
0x00007ffebe520000 - 0x00007ffebe546000 	C:\WINDOWS\SYSTEM32\bcrypt.dll
0x00007ffebdc20000 - 0x00007ffebdc2c000 	C:\WINDOWS\SYSTEM32\CRYPTBASE.dll
0x00007ffeb59f0000 - 0x00007ffeb5a0f000 	C:\WINDOWS\SYSTEM32\dhcpcsvc6.DLL

dbghelp: loaded successfully - version: 4.0.5 - missing functions: none
symbol engine: initialized successfully - sym options: 0x614 - pdb path: .;C:\Program Files\Eclipse Adoptium\jdk-17.0.8.101-hotspot\bin;C:\WINDOWS\SYSTEM32;C:\WINDOWS\WinSxS\amd64_microsoft.windows.common-controls_6595b64144ccf1df_6.0.26100.4768_none_3e0c112ce331287c;C:\Program Files\Eclipse Adoptium\jdk-17.0.8.101-hotspot\bin\server;D:\IntelliJ IDEA 2023.2.5\bin;C:\Program Files (x86)\ZRDDS\ZRDDS-2.4.4\lib

VM Arguments:
jvm_args: -Djava.library.path=C:\Program Files (x86)\ZRDDS\ZRDDS-2.4.4\lib -javaagent:D:\IntelliJ IDEA 2023.2.5\lib\idea_rt.jar=50291:D:\IntelliJ IDEA 2023.2.5\bin -Dfile.encoding=UTF-8 
java_command: Client
java_class_path (initial): E:\distributed-dds-ai-serving-system\DDS_JAVA\out\production\DDS_JAVA;C:\Program Files (x86)\ZRDDS\ZRDDS-2.4.4\lib\ZRDDS.jar
Launcher Type: SUN_STANDARD

[Global flags]
     intx CICompilerCount                          = 12                                        {product} {ergonomic}
     uint ConcGCThreads                            = 3                                         {product} {ergonomic}
     uint G1ConcRefinementThreads                  = 13                                        {product} {ergonomic}
   size_t G1HeapRegionSize                         = 2097152                                   {product} {ergonomic}
    uintx GCDrainStackTargetSize                   = 64                                        {product} {ergonomic}
   size_t InitialHeapSize                          = 264241152                                 {product} {ergonomic}
   size_t MarkStackSize                            = 4194304                                   {product} {ergonomic}
   size_t MaxHeapSize                              = 4200595456                                {product} {ergonomic}
   size_t MaxNewSize                               = 2518679552                                {product} {ergonomic}
   size_t MinHeapDeltaBytes                        = 2097152                                   {product} {ergonomic}
   size_t MinHeapSize                              = 8388608                                   {product} {ergonomic}
    uintx NonNMethodCodeHeapSize                   = 7602480                                {pd product} {ergonomic}
    uintx NonProfiledCodeHeapSize                  = 122027880                              {pd product} {ergonomic}
    uintx ProfiledCodeHeapSize                     = 122027880                              {pd product} {ergonomic}
    uintx ReservedCodeCacheSize                    = 251658240                              {pd product} {ergonomic}
     bool SegmentedCodeCache                       = true                                      {product} {ergonomic}
   size_t SoftMaxHeapSize                          = 4200595456                             {manageable} {ergonomic}
     bool UseCompressedClassPointers               = true                           {product lp64_product} {ergonomic}
     bool UseCompressedOops                        = true                           {product lp64_product} {ergonomic}
     bool UseG1GC                                  = true                                      {product} {ergonomic}
     bool UseLargePagesIndividualAllocation        = false                                  {pd product} {ergonomic}

Logging:
Log output configuration:
 #0: stdout all=warning uptime,level,tags
 #1: stderr all=off uptime,level,tags

Environment Variables:
JAVA_HOME=C:\Program Files\Eclipse Adoptium\jdk-17.0.8.101-hotspot\
PATH=E:\MyOracle\WINDOWS.X64_193000_db_home\bin;C:\Program Files\Eclipse Adoptium\jdk-17.0.8.101-hotspot\bin;C:\Program Files\Common Files\Oracle\Java\javapath;C:\windows\system32;C:\windows;C:\windows\System32\Wbem;C:\windows\System32\WindowsPowerShell\v1.0\;C:\windows\System32\OpenSSH\;D:\texlive\2022\bin\win32;C:\Program Files\dotnet\;C:\WINDOWS\system32;C:\WINDOWS;C:\WINDOWS\System32\Wbem;C:\WINDOWS\System32\WindowsPowerShell\v1.0\;C:\WINDOWS\System32\OpenSSH\;c:\Program Files (x86)\Microsoft SQL Server\100\Tools\Binn\;c:\Program Files\Microsoft SQL Server\100\Tools\Binn\;c:\Program Files\Microsoft SQL Server\100\DTS\Binn\;C:\altera\13.1\quartus\bin;E:\Myanaconda\Scripts;E:\Myanaconda;E:\Myanaconda\Library\bin;D:\MyMaven\apache-maven-3.9.5-bin\apache-maven-3.9.5\bin;D:\NodeJs\;C:\Program Files (x86)\NetSarang\Xshell 7\;C:\Program Files (x86)\IVI Foundation\VISA\WinNT\Bin\;C:\Program Files\IVI Foundation\VISA\Win64\Bin\;C:\Program Files (x86)\IVI Foundation\VISA\WinNT\Bin;D:\Git\cmd;E:\bazel-7.3.0-windows-x86_64;D:\msys2\mingw64\bin;C:\Program Files\Docker\Docker\resources\bin;D:\MyCmake\bin;D:\neo4j-community-5.24.2-windows\neo4j-community-5.24.2\bin;C:\kubectl;C:\Program Files (x86)\ZRDDS\ZRDDS-2.4.4\\lib\;C:\Program Files\Microsoft SQL Server\110\Tools\Binn\;C:\Program Files (x86)\Microsoft SDKs\TypeScript\1.0\;E:\Fast-DDS-Gen\scripts;E:\gradle-7.6.6\bin;E:\vcpkg;E:\bazel-7.3.0-windows-x86_6
USERNAME=HWH
OS=Windows_NT
PROCESSOR_IDENTIFIER=Intel64 Family 6 Model 154 Stepping 3, GenuineIntel
TMP=C:\Users\HWH\AppData\Local\Temp
TEMP=C:\Users\HWH\AppData\Local\Temp



---------------  S Y S T E M  ---------------

OS:
 Windows 11 , 64 bit Build 26100 (10.0.26100.4768)
OS uptime: 0 days 5:56 hours
Hyper-V role detected

CPU: total 16 (initial active 16) (8 cores per cpu, 2 threads per core) family 6 model 154 stepping 3 microcode 0x437, cx8, cmov, fxsr, ht, mmx, 3dnowpref, sse, sse2, sse3, ssse3, sse4.1, sse4.2, popcnt, lzcnt, tsc, tscinvbit, avx, avx2, aes, erms, clmul, bmi1, bmi2, adx, sha, fma, vzeroupper, clflush, clflushopt, clwb, hv
Processor Information for all 16 processors :
  Max Mhz: 1700, Current Mhz: 1700, Mhz Limit: 1700

Memory: 4k page, system-wide physical 16016M (2541M free)
TotalPageFile size 32032M (AvailPageFile size 11626M)
current process WorkingSet (physical memory assigned to process): 65M, peak: 65M
current process commit charge ("private bytes"): 365M, peak: 365M

vm_info: OpenJDK 64-Bit Server VM (17.0.8.1+1) for windows-amd64 JRE (17.0.8.1+1), built on Aug 23 2023 15:29:17 by "admin" with MS VC++ 16.7 (VS2019)

END.
